<?xml version="1.0" encoding="utf-8"?>
<coverage line-rate="0.4462" branch-rate="0.9481999999999999" version="1.9" timestamp="1744879647" lines-covered="382" lines-valid="856" branches-covered="55" branches-valid="58">
  <sources>
    <source>C:\Users\ananya.pareek\OneDrive - ascendion\Documents\Mortgage-Loan-Processing-App\MortgageServer\MortgageAPI\MortgageAPI\</source>
  </sources>
  <packages>
    <package name="MortgageAPI" line-rate="0.4462" branch-rate="0.9481999999999999" complexity="141">
      <classes>
        <class name="MortgageAPI.Repos.AmortizationScheduleRepository" filename="Repos\AmortizationScheduleRepository.cs" line-rate="1" branch-rate="1" complexity="1">
          <methods>
            <method name=".ctor" signature="(MortgageAPI.Data.AppDbContext,MortgageAPI.Repos.Helper.IAmortizationCalculator)" line-rate="1" branch-rate="1" complexity="1">
              <lines>
                <line number="15" hits="3" branch="False" />
                <line number="16" hits="3" branch="False" />
                <line number="17" hits="3" branch="False" />
                <line number="18" hits="3" branch="False" />
                <line number="19" hits="3" branch="False" />
              </lines>
            </method>
          </methods>
          <lines>
            <line number="15" hits="3" branch="False" />
            <line number="16" hits="3" branch="False" />
            <line number="17" hits="3" branch="False" />
            <line number="18" hits="3" branch="False" />
            <line number="19" hits="3" branch="False" />
          </lines>
        </class>
        <class name="MortgageAPI.Repos.AmortizationScheduleRepository/&lt;GenerateAmortizationScheduleAsync&gt;d__4" filename="Repos\AmortizationScheduleRepository.cs" line-rate="1" branch-rate="1" complexity="1">
          <methods>
            <method name="MoveNext" signature="()" line-rate="1" branch-rate="1" complexity="1">
              <lines>
                <line number="39" hits="1" branch="False" />
                <line number="40" hits="1" branch="False" />
                <line number="41" hits="1" branch="False" />
                <line number="42" hits="1" branch="False" />
                <line number="43" hits="1" branch="False" />
                <line number="44" hits="1" branch="False" />
                <line number="45" hits="1" branch="False" />
                <line number="46" hits="1" branch="False" />
                <line number="49" hits="1" branch="False" />
                <line number="50" hits="1" branch="False" />
              </lines>
            </method>
          </methods>
          <lines>
            <line number="39" hits="1" branch="False" />
            <line number="40" hits="1" branch="False" />
            <line number="41" hits="1" branch="False" />
            <line number="42" hits="1" branch="False" />
            <line number="43" hits="1" branch="False" />
            <line number="44" hits="1" branch="False" />
            <line number="45" hits="1" branch="False" />
            <line number="46" hits="1" branch="False" />
            <line number="49" hits="1" branch="False" />
            <line number="50" hits="1" branch="False" />
          </lines>
        </class>
        <class name="MortgageAPI.Repos.AmortizationScheduleRepository/&lt;GetScheduleByUserLoanNumberAsync&gt;d__3" filename="Repos\AmortizationScheduleRepository.cs" line-rate="1" branch-rate="1" complexity="2">
          <methods>
            <method name="MoveNext" signature="()" line-rate="1" branch-rate="1" complexity="2">
              <lines>
                <line number="22" hits="2" branch="False" />
                <line number="23" hits="2" branch="False" />
                <line number="24" hits="2" branch="False" />
                <line number="26" hits="2" branch="True" condition-coverage="100% (2/2)">
                  <conditions>
                    <condition number="424" type="jump" coverage="100%" />
                  </conditions>
                </line>
                <line number="27" hits="1" branch="False" />
                <line number="28" hits="1" branch="False" />
                <line number="31" hits="1" branch="False" />
                <line number="32" hits="1" branch="False" />
                <line number="33" hits="1" branch="False" />
                <line number="34" hits="1" branch="False" />
                <line number="35" hits="1" branch="False" />
              </lines>
            </method>
          </methods>
          <lines>
            <line number="22" hits="2" branch="False" />
            <line number="23" hits="2" branch="False" />
            <line number="24" hits="2" branch="False" />
            <line number="26" hits="2" branch="True" condition-coverage="100% (2/2)">
              <conditions>
                <condition number="424" type="jump" coverage="100%" />
              </conditions>
            </line>
            <line number="27" hits="1" branch="False" />
            <line number="28" hits="1" branch="False" />
            <line number="31" hits="1" branch="False" />
            <line number="32" hits="1" branch="False" />
            <line number="33" hits="1" branch="False" />
            <line number="34" hits="1" branch="False" />
            <line number="35" hits="1" branch="False" />
          </lines>
        </class>
        <class name="MortgageAPI.Repos.AuthService" filename="Repos\AuthService.cs" line-rate="1" branch-rate="1" complexity="1">
          <methods>
            <method name=".ctor" signature="(MortgageAPI.Repos.Interfaces.IUserRepository,MortgageAPI.Repos.Interfaces.ITokenService)" line-rate="1" branch-rate="1" complexity="1">
              <lines>
                <line number="13" hits="2" branch="False" />
                <line number="14" hits="2" branch="False" />
                <line number="15" hits="2" branch="False" />
                <line number="16" hits="2" branch="False" />
                <line number="17" hits="2" branch="False" />
              </lines>
            </method>
          </methods>
          <lines>
            <line number="13" hits="2" branch="False" />
            <line number="14" hits="2" branch="False" />
            <line number="15" hits="2" branch="False" />
            <line number="16" hits="2" branch="False" />
            <line number="17" hits="2" branch="False" />
          </lines>
        </class>
        <class name="MortgageAPI.Repos.AuthService/&lt;AuthenticateAsync&gt;d__4" filename="Repos\AuthService.cs" line-rate="1" branch-rate="1" complexity="2">
          <methods>
            <method name="MoveNext" signature="()" line-rate="1" branch-rate="1" complexity="2">
              <lines>
                <line number="20" hits="2" branch="False" />
                <line number="21" hits="2" branch="False" />
                <line number="22" hits="3" branch="True" condition-coverage="100% (2/2)">
                  <conditions>
                    <condition number="170" type="jump" coverage="100%" />
                  </conditions>
                </line>
                <line number="24" hits="1" branch="False" />
                <line number="25" hits="2" branch="False" />
              </lines>
            </method>
          </methods>
          <lines>
            <line number="20" hits="2" branch="False" />
            <line number="21" hits="2" branch="False" />
            <line number="22" hits="3" branch="True" condition-coverage="100% (2/2)">
              <conditions>
                <condition number="170" type="jump" coverage="100%" />
              </conditions>
            </line>
            <line number="24" hits="1" branch="False" />
            <line number="25" hits="2" branch="False" />
          </lines>
        </class>
        <class name="MortgageAPI.Repos.InterestRateRepository" filename="Repos\InterestRateRepository.cs" line-rate="1" branch-rate="1" complexity="1">
          <methods>
            <method name=".ctor" signature="(MortgageAPI.Data.AppDbContext)" line-rate="1" branch-rate="1" complexity="1">
              <lines>
                <line number="12" hits="2" branch="False" />
                <line number="13" hits="2" branch="False" />
                <line number="14" hits="2" branch="False" />
                <line number="15" hits="2" branch="False" />
              </lines>
            </method>
          </methods>
          <lines>
            <line number="12" hits="2" branch="False" />
            <line number="13" hits="2" branch="False" />
            <line number="14" hits="2" branch="False" />
            <line number="15" hits="2" branch="False" />
          </lines>
        </class>
        <class name="MortgageAPI.Repos.InterestRateRepository/&lt;GetAllInterestRatesAsync&gt;d__2" filename="Repos\InterestRateRepository.cs" line-rate="1" branch-rate="1" complexity="1">
          <methods>
            <method name="MoveNext" signature="()" line-rate="1" branch-rate="1" complexity="1">
              <lines>
                <line number="18" hits="2" branch="False" />
                <line number="19" hits="2" branch="False" />
                <line number="20" hits="2" branch="False" />
              </lines>
            </method>
          </methods>
          <lines>
            <line number="18" hits="2" branch="False" />
            <line number="19" hits="2" branch="False" />
            <line number="20" hits="2" branch="False" />
          </lines>
        </class>
        <class name="MortgageAPI.Repos.LoanRepository" filename="Repos\LoanRepository.cs" line-rate="1" branch-rate="1" complexity="1">
          <methods>
            <method name=".ctor" signature="(MortgageAPI.Data.AppDbContext,MortgageAPI.Repos.Helper.IAmortizationCalculator)" line-rate="1" branch-rate="1" complexity="1">
              <lines>
                <line number="14" hits="3" branch="False" />
                <line number="15" hits="3" branch="False" />
                <line number="16" hits="3" branch="False" />
                <line number="17" hits="3" branch="False" />
                <line number="18" hits="3" branch="False" />
              </lines>
            </method>
          </methods>
          <lines>
            <line number="14" hits="3" branch="False" />
            <line number="15" hits="3" branch="False" />
            <line number="16" hits="3" branch="False" />
            <line number="17" hits="3" branch="False" />
            <line number="18" hits="3" branch="False" />
          </lines>
        </class>
        <class name="MortgageAPI.Repos.LoanRepository/&lt;AddLoanAsync&gt;d__3" filename="Repos\LoanRepository.cs" line-rate="1" branch-rate="1" complexity="1">
          <methods>
            <method name="MoveNext" signature="()" line-rate="1" branch-rate="1" complexity="1">
              <lines>
                <line number="21" hits="1" branch="False" />
                <line number="22" hits="1" branch="False" />
                <line number="23" hits="1" branch="False" />
                <line number="24" hits="1" branch="False" />
                <line number="26" hits="1" branch="False" />
                <line number="28" hits="1" branch="False" />
                <line number="29" hits="1" branch="False" />
                <line number="31" hits="1" branch="False" />
                <line number="32" hits="1" branch="False" />
                <line number="33" hits="1" branch="False" />
                <line number="34" hits="1" branch="False" />
              </lines>
            </method>
          </methods>
          <lines>
            <line number="21" hits="1" branch="False" />
            <line number="22" hits="1" branch="False" />
            <line number="23" hits="1" branch="False" />
            <line number="24" hits="1" branch="False" />
            <line number="26" hits="1" branch="False" />
            <line number="28" hits="1" branch="False" />
            <line number="29" hits="1" branch="False" />
            <line number="31" hits="1" branch="False" />
            <line number="32" hits="1" branch="False" />
            <line number="33" hits="1" branch="False" />
            <line number="34" hits="1" branch="False" />
          </lines>
        </class>
        <class name="MortgageAPI.Repos.LoanRepository/&lt;GetAllLoansAsync&gt;d__4" filename="Repos\LoanRepository.cs" line-rate="1" branch-rate="1" complexity="1">
          <methods>
            <method name="MoveNext" signature="()" line-rate="1" branch-rate="1" complexity="1">
              <lines>
                <line number="37" hits="1" branch="False" />
                <line number="38" hits="1" branch="False" />
                <line number="39" hits="1" branch="False" />
                <line number="40" hits="1" branch="False" />
                <line number="41" hits="1" branch="False" />
                <line number="42" hits="1" branch="False" />
              </lines>
            </method>
          </methods>
          <lines>
            <line number="37" hits="1" branch="False" />
            <line number="38" hits="1" branch="False" />
            <line number="39" hits="1" branch="False" />
            <line number="40" hits="1" branch="False" />
            <line number="41" hits="1" branch="False" />
            <line number="42" hits="1" branch="False" />
          </lines>
        </class>
        <class name="MortgageAPI.Repos.LoanRepository/&lt;GetLoanByUserLoanNumberAsync&gt;d__5" filename="Repos\LoanRepository.cs" line-rate="1" branch-rate="1" complexity="1">
          <methods>
            <method name="MoveNext" signature="()" line-rate="1" branch-rate="1" complexity="1">
              <lines>
                <line number="45" hits="1" branch="False" />
                <line number="46" hits="1" branch="False" />
                <line number="47" hits="1" branch="False" />
                <line number="48" hits="1" branch="False" />
              </lines>
            </method>
          </methods>
          <lines>
            <line number="45" hits="1" branch="False" />
            <line number="46" hits="1" branch="False" />
            <line number="47" hits="1" branch="False" />
            <line number="48" hits="1" branch="False" />
          </lines>
        </class>
        <class name="MortgageAPI.Repos.TokenService" filename="Repos\TokenService.cs" line-rate="1" branch-rate="1" complexity="2">
          <methods>
            <method name="GenerateToken" signature="(MortgageAPI.Models.Domain.User)" line-rate="1" branch-rate="1" complexity="1">
              <lines>
                <line number="19" hits="1" branch="False" />
                <line number="20" hits="1" branch="False" />
                <line number="21" hits="1" branch="False" />
                <line number="23" hits="1" branch="False" />
                <line number="24" hits="1" branch="False" />
                <line number="25" hits="1" branch="False" />
                <line number="26" hits="1" branch="False" />
                <line number="27" hits="1" branch="False" />
                <line number="28" hits="1" branch="False" />
                <line number="30" hits="1" branch="False" />
                <line number="31" hits="1" branch="False" />
                <line number="32" hits="1" branch="False" />
                <line number="33" hits="1" branch="False" />
                <line number="34" hits="1" branch="False" />
                <line number="35" hits="1" branch="False" />
                <line number="36" hits="1" branch="False" />
                <line number="37" hits="1" branch="False" />
                <line number="39" hits="1" branch="False" />
                <line number="40" hits="1" branch="False" />
                <line number="41" hits="1" branch="False" />
              </lines>
            </method>
            <method name=".ctor" signature="(Microsoft.Extensions.Configuration.IConfiguration)" line-rate="1" branch-rate="1" complexity="1">
              <lines>
                <line number="14" hits="1" branch="False" />
                <line number="15" hits="1" branch="False" />
                <line number="16" hits="1" branch="False" />
                <line number="17" hits="1" branch="False" />
              </lines>
            </method>
          </methods>
          <lines>
            <line number="19" hits="1" branch="False" />
            <line number="20" hits="1" branch="False" />
            <line number="21" hits="1" branch="False" />
            <line number="23" hits="1" branch="False" />
            <line number="24" hits="1" branch="False" />
            <line number="25" hits="1" branch="False" />
            <line number="26" hits="1" branch="False" />
            <line number="27" hits="1" branch="False" />
            <line number="28" hits="1" branch="False" />
            <line number="30" hits="1" branch="False" />
            <line number="31" hits="1" branch="False" />
            <line number="32" hits="1" branch="False" />
            <line number="33" hits="1" branch="False" />
            <line number="34" hits="1" branch="False" />
            <line number="35" hits="1" branch="False" />
            <line number="36" hits="1" branch="False" />
            <line number="37" hits="1" branch="False" />
            <line number="39" hits="1" branch="False" />
            <line number="40" hits="1" branch="False" />
            <line number="41" hits="1" branch="False" />
            <line number="14" hits="1" branch="False" />
            <line number="15" hits="1" branch="False" />
            <line number="16" hits="1" branch="False" />
            <line number="17" hits="1" branch="False" />
          </lines>
        </class>
        <class name="MortgageAPI.Repos.UserRepository" filename="Repos\UserRepository.cs" line-rate="1" branch-rate="1" complexity="1">
          <methods>
            <method name=".ctor" signature="(MortgageAPI.Data.AppDbContext,Microsoft.AspNetCore.Identity.IPasswordHasher`1&lt;MortgageAPI.Models.Domain.User&gt;)" line-rate="1" branch-rate="1" complexity="1">
              <lines>
                <line number="14" hits="6" branch="False" />
                <line number="15" hits="6" branch="False" />
                <line number="16" hits="6" branch="False" />
                <line number="17" hits="6" branch="False" />
                <line number="18" hits="6" branch="False" />
              </lines>
            </method>
          </methods>
          <lines>
            <line number="14" hits="6" branch="False" />
            <line number="15" hits="6" branch="False" />
            <line number="16" hits="6" branch="False" />
            <line number="17" hits="6" branch="False" />
            <line number="18" hits="6" branch="False" />
          </lines>
        </class>
        <class name="MortgageAPI.Repos.UserRepository/&lt;AddUserAsync&gt;d__5" filename="Repos\UserRepository.cs" line-rate="1" branch-rate="1" complexity="1">
          <methods>
            <method name="MoveNext" signature="()" line-rate="1" branch-rate="1" complexity="1">
              <lines>
                <line number="35" hits="1" branch="False" />
                <line number="36" hits="1" branch="False" />
                <line number="37" hits="1" branch="False" />
                <line number="38" hits="1" branch="False" />
                <line number="39" hits="1" branch="False" />
              </lines>
            </method>
          </methods>
          <lines>
            <line number="35" hits="1" branch="False" />
            <line number="36" hits="1" branch="False" />
            <line number="37" hits="1" branch="False" />
            <line number="38" hits="1" branch="False" />
            <line number="39" hits="1" branch="False" />
          </lines>
        </class>
        <class name="MortgageAPI.Repos.UserRepository/&lt;AuthenticateUserAsync&gt;d__3" filename="Repos\UserRepository.cs" line-rate="1" branch-rate="1" complexity="4">
          <methods>
            <method name="MoveNext" signature="()" line-rate="1" branch-rate="1" complexity="4">
              <lines>
                <line number="21" hits="3" branch="False" />
                <line number="22" hits="3" branch="False" />
                <line number="23" hits="4" branch="True" condition-coverage="100% (2/2)">
                  <conditions>
                    <condition number="303" type="jump" coverage="100%" />
                  </conditions>
                </line>
                <line number="25" hits="2" branch="False" />
                <line number="26" hits="2" branch="True" condition-coverage="100% (2/2)">
                  <conditions>
                    <condition number="361" type="jump" coverage="100%" />
                  </conditions>
                </line>
                <line number="27" hits="3" branch="False" />
              </lines>
            </method>
          </methods>
          <lines>
            <line number="21" hits="3" branch="False" />
            <line number="22" hits="3" branch="False" />
            <line number="23" hits="4" branch="True" condition-coverage="100% (2/2)">
              <conditions>
                <condition number="303" type="jump" coverage="100%" />
              </conditions>
            </line>
            <line number="25" hits="2" branch="False" />
            <line number="26" hits="2" branch="True" condition-coverage="100% (2/2)">
              <conditions>
                <condition number="361" type="jump" coverage="100%" />
              </conditions>
            </line>
            <line number="27" hits="3" branch="False" />
          </lines>
        </class>
        <class name="MortgageAPI.Repos.UserRepository/&lt;GetUserByUsernameAsync&gt;d__4" filename="Repos\UserRepository.cs" line-rate="1" branch-rate="1" complexity="1">
          <methods>
            <method name="MoveNext" signature="()" line-rate="1" branch-rate="1" complexity="1">
              <lines>
                <line number="30" hits="2" branch="False" />
                <line number="31" hits="2" branch="False" />
                <line number="32" hits="2" branch="False" />
              </lines>
            </method>
          </methods>
          <lines>
            <line number="30" hits="2" branch="False" />
            <line number="31" hits="2" branch="False" />
            <line number="32" hits="2" branch="False" />
          </lines>
        </class>
        <class name="MortgageAPI.Repos.Helper.AmortizationCalculator" filename="Repos\Helper\AmortizationCalculator.cs" line-rate="1" branch-rate="1" complexity="4">
          <methods>
            <method name="GenerateSchedule" signature="(MortgageAPI.Models.Domain.Loan)" line-rate="1" branch-rate="1" complexity="4">
              <lines>
                <line number="8" hits="2" branch="False" />
                <line number="9" hits="2" branch="False" />
                <line number="10" hits="2" branch="False" />
                <line number="11" hits="2" branch="False" />
                <line number="12" hits="2" branch="False" />
                <line number="13" hits="2" branch="False" />
                <line number="14" hits="2" branch="False" />
                <line number="15" hits="2" branch="False" />
                <line number="17" hits="364" branch="True" condition-coverage="100% (2/2)">
                  <conditions>
                    <condition number="358" type="jump" coverage="100%" />
                  </conditions>
                </line>
                <line number="18" hits="180" branch="False" />
                <line number="19" hits="180" branch="False" />
                <line number="20" hits="180" branch="False" />
                <line number="23" hits="180" branch="True" condition-coverage="100% (2/2)">
                  <conditions>
                    <condition number="197" type="jump" coverage="100%" />
                  </conditions>
                </line>
                <line number="24" hits="2" branch="False" />
                <line number="25" hits="2" branch="False" />
                <line number="26" hits="2" branch="False" />
                <line number="27" hits="2" branch="False" />
                <line number="29" hits="178" branch="False" />
                <line number="30" hits="178" branch="False" />
                <line number="31" hits="178" branch="False" />
                <line number="33" hits="180" branch="False" />
                <line number="34" hits="180" branch="False" />
                <line number="35" hits="180" branch="False" />
                <line number="36" hits="180" branch="False" />
                <line number="37" hits="180" branch="False" />
                <line number="38" hits="180" branch="False" />
                <line number="39" hits="180" branch="False" />
                <line number="40" hits="180" branch="False" />
                <line number="41" hits="180" branch="False" />
                <line number="42" hits="180" branch="False" />
                <line number="43" hits="180" branch="False" />
                <line number="44" hits="180" branch="False" />
                <line number="46" hits="2" branch="False" />
                <line number="47" hits="2" branch="False" />
              </lines>
            </method>
          </methods>
          <lines>
            <line number="8" hits="2" branch="False" />
            <line number="9" hits="2" branch="False" />
            <line number="10" hits="2" branch="False" />
            <line number="11" hits="2" branch="False" />
            <line number="12" hits="2" branch="False" />
            <line number="13" hits="2" branch="False" />
            <line number="14" hits="2" branch="False" />
            <line number="15" hits="2" branch="False" />
            <line number="17" hits="364" branch="True" condition-coverage="100% (2/2)">
              <conditions>
                <condition number="358" type="jump" coverage="100%" />
              </conditions>
            </line>
            <line number="18" hits="180" branch="False" />
            <line number="19" hits="180" branch="False" />
            <line number="20" hits="180" branch="False" />
            <line number="23" hits="180" branch="True" condition-coverage="100% (2/2)">
              <conditions>
                <condition number="197" type="jump" coverage="100%" />
              </conditions>
            </line>
            <line number="24" hits="2" branch="False" />
            <line number="25" hits="2" branch="False" />
            <line number="26" hits="2" branch="False" />
            <line number="27" hits="2" branch="False" />
            <line number="29" hits="178" branch="False" />
            <line number="30" hits="178" branch="False" />
            <line number="31" hits="178" branch="False" />
            <line number="33" hits="180" branch="False" />
            <line number="34" hits="180" branch="False" />
            <line number="35" hits="180" branch="False" />
            <line number="36" hits="180" branch="False" />
            <line number="37" hits="180" branch="False" />
            <line number="38" hits="180" branch="False" />
            <line number="39" hits="180" branch="False" />
            <line number="40" hits="180" branch="False" />
            <line number="41" hits="180" branch="False" />
            <line number="42" hits="180" branch="False" />
            <line number="43" hits="180" branch="False" />
            <line number="44" hits="180" branch="False" />
            <line number="46" hits="2" branch="False" />
            <line number="47" hits="2" branch="False" />
          </lines>
        </class>
        <class name="MortgageAPI.Models.Mapping.MappingProfile" filename="Models\Mapping\MappingProfile.cs" line-rate="1" branch-rate="1" complexity="1">
          <methods>
            <method name=".ctor" signature="()" line-rate="1" branch-rate="1" complexity="1">
              <lines>
                <line number="26" hits="2" branch="False" />
                <line number="27" hits="2" branch="False" />
                <line number="28" hits="2" branch="False" />
                <line number="29" hits="2" branch="False" />
                <line number="30" hits="2" branch="False" />
                <line number="31" hits="4" branch="False" />
                <line number="33" hits="2" branch="False" />
                <line number="34" hits="2" branch="False" />
                <line number="35" hits="2" branch="False" />
                <line number="36" hits="2" branch="False" />
                <line number="37" hits="2" branch="False" />
                <line number="38" hits="2" branch="False" />
                <line number="39" hits="2" branch="False" />
                <line number="40" hits="4" branch="False" />
                <line number="42" hits="2" branch="False" />
                <line number="43" hits="4" branch="False" />
                <line number="45" hits="2" branch="False" />
                <line number="47" hits="2" branch="False" />
                <line number="48" hits="2" branch="False" />
                <line number="49" hits="2" branch="False" />
                <line number="50" hits="2" branch="False" />
                <line number="51" hits="4" branch="False" />
                <line number="52" hits="2" branch="False" />
              </lines>
            </method>
          </methods>
          <lines>
            <line number="26" hits="2" branch="False" />
            <line number="27" hits="2" branch="False" />
            <line number="28" hits="2" branch="False" />
            <line number="29" hits="2" branch="False" />
            <line number="30" hits="2" branch="False" />
            <line number="31" hits="4" branch="False" />
            <line number="33" hits="2" branch="False" />
            <line number="34" hits="2" branch="False" />
            <line number="35" hits="2" branch="False" />
            <line number="36" hits="2" branch="False" />
            <line number="37" hits="2" branch="False" />
            <line number="38" hits="2" branch="False" />
            <line number="39" hits="2" branch="False" />
            <line number="40" hits="4" branch="False" />
            <line number="42" hits="2" branch="False" />
            <line number="43" hits="4" branch="False" />
            <line number="45" hits="2" branch="False" />
            <line number="47" hits="2" branch="False" />
            <line number="48" hits="2" branch="False" />
            <line number="49" hits="2" branch="False" />
            <line number="50" hits="2" branch="False" />
            <line number="51" hits="4" branch="False" />
            <line number="52" hits="2" branch="False" />
          </lines>
        </class>
        <class name="MortgageAPI.Models.DTO.AmortizationScheduleDto" filename="Models\DTO\AmortizationScheduleDTO.cs" line-rate="1" branch-rate="1" complexity="6">
          <methods>
            <method name="get_PaymentNumber" signature="()" line-rate="1" branch-rate="1" complexity="1">
              <lines>
                <line number="5" hits="1" branch="False" />
              </lines>
            </method>
            <method name="get_PaymentDate" signature="()" line-rate="1" branch-rate="1" complexity="1">
              <lines>
                <line number="6" hits="1" branch="False" />
              </lines>
            </method>
            <method name="get_MonthlyPayment" signature="()" line-rate="1" branch-rate="1" complexity="1">
              <lines>
                <line number="7" hits="2" branch="False" />
              </lines>
            </method>
            <method name="get_PrincipalPayment" signature="()" line-rate="1" branch-rate="1" complexity="1">
              <lines>
                <line number="8" hits="2" branch="False" />
              </lines>
            </method>
            <method name="get_InterestPayment" signature="()" line-rate="1" branch-rate="1" complexity="1">
              <lines>
                <line number="9" hits="2" branch="False" />
              </lines>
            </method>
            <method name="get_RemainingBalance" signature="()" line-rate="1" branch-rate="1" complexity="1">
              <lines>
                <line number="10" hits="2" branch="False" />
              </lines>
            </method>
          </methods>
          <lines>
            <line number="5" hits="1" branch="False" />
            <line number="6" hits="1" branch="False" />
            <line number="7" hits="2" branch="False" />
            <line number="8" hits="2" branch="False" />
            <line number="9" hits="2" branch="False" />
            <line number="10" hits="2" branch="False" />
          </lines>
        </class>
        <class name="MortgageAPI.Models.DTO.InterestRateDto" filename="Models\DTO\InterestRateDTO.cs" line-rate="1" branch-rate="1" complexity="3">
          <methods>
            <method name="get_Id" signature="()" line-rate="1" branch-rate="1" complexity="1">
              <lines>
                <line number="5" hits="4" branch="False" />
              </lines>
            </method>
            <method name="get_Rate" signature="()" line-rate="1" branch-rate="1" complexity="1">
              <lines>
                <line number="6" hits="4" branch="False" />
              </lines>
            </method>
            <method name="get_ValidFrom" signature="()" line-rate="1" branch-rate="1" complexity="1">
              <lines>
                <line number="7" hits="4" branch="False" />
              </lines>
            </method>
          </methods>
          <lines>
            <line number="5" hits="4" branch="False" />
            <line number="6" hits="4" branch="False" />
            <line number="7" hits="4" branch="False" />
          </lines>
        </class>
        <class name="MortgageAPI.Models.DTO.LoanRequest" filename="Models\DTO\LoanDTO.cs" line-rate="1" branch-rate="1" complexity="3">
          <methods>
            <method name="get_LoanAmount" signature="()" line-rate="1" branch-rate="1" complexity="1">
              <lines>
                <line number="5" hits="11" branch="False" />
              </lines>
            </method>
            <method name="get_InterestRate" signature="()" line-rate="1" branch-rate="1" complexity="1">
              <lines>
                <line number="6" hits="10" branch="False" />
              </lines>
            </method>
            <method name="get_LoanTermYears" signature="()" line-rate="1" branch-rate="1" complexity="1">
              <lines>
                <line number="7" hits="10" branch="False" />
              </lines>
            </method>
          </methods>
          <lines>
            <line number="5" hits="11" branch="False" />
            <line number="6" hits="10" branch="False" />
            <line number="7" hits="10" branch="False" />
          </lines>
        </class>
        <class name="MortgageAPI.Models.DTO.LoanDto" filename="Models\DTO\LoanDTO.cs" line-rate="1" branch-rate="1" complexity="7">
          <methods>
            <method name="get_LoanId" signature="()" line-rate="1" branch-rate="1" complexity="1">
              <lines>
                <line number="12" hits="2" branch="False" />
              </lines>
            </method>
            <method name="get_UserLoanNumber" signature="()" line-rate="1" branch-rate="1" complexity="1">
              <lines>
                <line number="13" hits="2" branch="False" />
              </lines>
            </method>
            <method name="get_LoanAmount" signature="()" line-rate="1" branch-rate="1" complexity="1">
              <lines>
                <line number="14" hits="3" branch="False" />
              </lines>
            </method>
            <method name="get_InterestRate" signature="()" line-rate="1" branch-rate="1" complexity="1">
              <lines>
                <line number="15" hits="2" branch="False" />
              </lines>
            </method>
            <method name="get_LoanTermYears" signature="()" line-rate="1" branch-rate="1" complexity="1">
              <lines>
                <line number="16" hits="2" branch="False" />
              </lines>
            </method>
            <method name="get_ApplicationDate" signature="()" line-rate="1" branch-rate="1" complexity="1">
              <lines>
                <line number="17" hits="2" branch="False" />
              </lines>
            </method>
            <method name="get_ApprovalStatus" signature="()" line-rate="1" branch-rate="1" complexity="1">
              <lines>
                <line number="18" hits="2" branch="False" />
              </lines>
            </method>
          </methods>
          <lines>
            <line number="12" hits="2" branch="False" />
            <line number="13" hits="2" branch="False" />
            <line number="14" hits="3" branch="False" />
            <line number="15" hits="2" branch="False" />
            <line number="16" hits="2" branch="False" />
            <line number="17" hits="2" branch="False" />
            <line number="18" hits="2" branch="False" />
          </lines>
        </class>
        <class name="MortgageAPI.Models.DTO.LoginRequest" filename="Models\DTO\LoginRequest.cs" line-rate="1" branch-rate="1" complexity="2">
          <methods>
            <method name="get_username" signature="()" line-rate="1" branch-rate="1" complexity="1">
              <lines>
                <line number="5" hits="9" branch="False" />
              </lines>
            </method>
            <method name="get_password" signature="()" line-rate="1" branch-rate="1" complexity="1">
              <lines>
                <line number="6" hits="4" branch="False" />
              </lines>
            </method>
          </methods>
          <lines>
            <line number="5" hits="9" branch="False" />
            <line number="6" hits="4" branch="False" />
          </lines>
        </class>
        <class name="MortgageAPI.Models.DTO.RegisterRequest" filename="Models\DTO\RegisterRequest.cs" line-rate="1" branch-rate="1" complexity="3">
          <methods>
            <method name="get_username" signature="()" line-rate="1" branch-rate="1" complexity="1">
              <lines>
                <line number="5" hits="21" branch="False" />
              </lines>
            </method>
            <method name="get_password" signature="()" line-rate="1" branch-rate="1" complexity="1">
              <lines>
                <line number="6" hits="9" branch="False" />
              </lines>
            </method>
            <method name="get_role" signature="()" line-rate="1" branch-rate="1" complexity="1">
              <lines>
                <line number="7" hits="14" branch="False" />
              </lines>
            </method>
          </methods>
          <lines>
            <line number="5" hits="21" branch="False" />
            <line number="6" hits="9" branch="False" />
            <line number="7" hits="14" branch="False" />
          </lines>
        </class>
        <class name="MortgageAPI.Models.Domain.AmortizationSchedule" filename="Models\Domain\AmortizationSchedule.cs" line-rate="0.8887999999999999" branch-rate="1" complexity="9">
          <methods>
            <method name="get_Id" signature="()" line-rate="1" branch-rate="1" complexity="1">
              <lines>
                <line number="9" hits="367" branch="False" />
              </lines>
            </method>
            <method name="get_LoanId" signature="()" line-rate="1" branch-rate="1" complexity="1">
              <lines>
                <line number="12" hits="182" branch="False" />
              </lines>
            </method>
            <method name="get_PaymentNumber" signature="()" line-rate="1" branch-rate="1" complexity="1">
              <lines>
                <line number="15" hits="187" branch="False" />
              </lines>
            </method>
            <method name="get_PaymentDate" signature="()" line-rate="1" branch-rate="1" complexity="1">
              <lines>
                <line number="18" hits="183" branch="False" />
              </lines>
            </method>
            <method name="get_MonthlyPayment" signature="()" line-rate="1" branch-rate="1" complexity="1">
              <lines>
                <line number="21" hits="188" branch="False" />
              </lines>
            </method>
            <method name="get_PrincipalPayment" signature="()" line-rate="1" branch-rate="1" complexity="1">
              <lines>
                <line number="25" hits="184" branch="False" />
              </lines>
            </method>
            <method name="get_InterestPayment" signature="()" line-rate="1" branch-rate="1" complexity="1">
              <lines>
                <line number="29" hits="184" branch="False" />
              </lines>
            </method>
            <method name="get_RemainingBalance" signature="()" line-rate="1" branch-rate="1" complexity="1">
              <lines>
                <line number="33" hits="303" branch="False" />
              </lines>
            </method>
            <method name="get_Loan" signature="()" line-rate="0" branch-rate="1" complexity="1">
              <lines>
                <line number="37" hits="0" branch="False" />
              </lines>
            </method>
          </methods>
          <lines>
            <line number="9" hits="367" branch="False" />
            <line number="12" hits="182" branch="False" />
            <line number="15" hits="187" branch="False" />
            <line number="18" hits="183" branch="False" />
            <line number="21" hits="188" branch="False" />
            <line number="25" hits="184" branch="False" />
            <line number="29" hits="184" branch="False" />
            <line number="33" hits="303" branch="False" />
            <line number="37" hits="0" branch="False" />
          </lines>
        </class>
        <class name="MortgageAPI.Models.Domain.InterestRate" filename="Models\Domain\InterestRate.cs" line-rate="1" branch-rate="1" complexity="3">
          <methods>
            <method name="get_Id" signature="()" line-rate="1" branch-rate="1" complexity="1">
              <lines>
                <line number="9" hits="10" branch="False" />
              </lines>
            </method>
            <method name="get_Rate" signature="()" line-rate="1" branch-rate="1" complexity="1">
              <lines>
                <line number="13" hits="8" branch="False" />
              </lines>
            </method>
            <method name="get_ValidFrom" signature="()" line-rate="1" branch-rate="1" complexity="1">
              <lines>
                <line number="16" hits="2" branch="False" />
              </lines>
            </method>
          </methods>
          <lines>
            <line number="9" hits="10" branch="False" />
            <line number="13" hits="8" branch="False" />
            <line number="16" hits="2" branch="False" />
          </lines>
        </class>
        <class name="MortgageAPI.Models.Domain.Loan" filename="Models\Domain\Loan.cs" line-rate="0.9" branch-rate="1" complexity="10">
          <methods>
            <method name="get_LoanId" signature="()" line-rate="1" branch-rate="1" complexity="1">
              <lines>
                <line number="16" hits="199" branch="False" />
              </lines>
            </method>
            <method name="get_UserId" signature="()" line-rate="1" branch-rate="1" complexity="1">
              <lines>
                <line number="19" hits="9" branch="False" />
              </lines>
            </method>
            <method name="get_UserLoanNumber" signature="()" line-rate="1" branch-rate="1" complexity="1">
              <lines>
                <line number="22" hits="9" branch="False" />
              </lines>
            </method>
            <method name="get_LoanAmount" signature="()" line-rate="1" branch-rate="1" complexity="1">
              <lines>
                <line number="26" hits="18" branch="False" />
              </lines>
            </method>
            <method name="get_InterestRate" signature="()" line-rate="1" branch-rate="1" complexity="1">
              <lines>
                <line number="30" hits="13" branch="False" />
              </lines>
            </method>
            <method name="get_LoanTermYears" signature="()" line-rate="1" branch-rate="1" complexity="1">
              <lines>
                <line number="33" hits="13" branch="False" />
              </lines>
            </method>
            <method name="get_ApplicationDate" signature="()" line-rate="1" branch-rate="1" complexity="1">
              <lines>
                <line number="36" hits="198" branch="False" />
              </lines>
            </method>
            <method name="get_ApprovalStatus" signature="()" line-rate="1" branch-rate="1" complexity="1">
              <lines>
                <line number="39" hits="15" branch="False" />
              </lines>
            </method>
            <method name="get_User" signature="()" line-rate="0" branch-rate="1" complexity="1">
              <lines>
                <line number="43" hits="0" branch="False" />
              </lines>
            </method>
            <method name="get_AmortizationSchedules" signature="()" line-rate="1" branch-rate="1" complexity="1">
              <lines>
                <line number="45" hits="11" branch="False" />
              </lines>
            </method>
          </methods>
          <lines>
            <line number="16" hits="199" branch="False" />
            <line number="19" hits="9" branch="False" />
            <line number="22" hits="9" branch="False" />
            <line number="26" hits="18" branch="False" />
            <line number="30" hits="13" branch="False" />
            <line number="33" hits="13" branch="False" />
            <line number="36" hits="198" branch="False" />
            <line number="39" hits="15" branch="False" />
            <line number="43" hits="0" branch="False" />
            <line number="45" hits="11" branch="False" />
          </lines>
        </class>
        <class name="MortgageAPI.Models.Domain.User" filename="Models\Domain\User.cs" line-rate="1" branch-rate="1" complexity="5">
          <methods>
            <method name="get_userId" signature="()" line-rate="1" branch-rate="1" complexity="1">
              <lines>
                <line number="8" hits="15" branch="False" />
              </lines>
            </method>
            <method name="get_Username" signature="()" line-rate="1" branch-rate="1" complexity="1">
              <lines>
                <line number="11" hits="24" branch="False" />
              </lines>
            </method>
            <method name="get_PasswordHash" signature="()" line-rate="1" branch-rate="1" complexity="1">
              <lines>
                <line number="13" hits="28" branch="False" />
              </lines>
            </method>
            <method name="get_Role" signature="()" line-rate="1" branch-rate="1" complexity="1">
              <lines>
                <line number="15" hits="21" branch="False" />
              </lines>
            </method>
            <method name="get_Loans" signature="()" line-rate="1" branch-rate="1" complexity="1">
              <lines>
                <line number="17" hits="11" branch="False" />
              </lines>
            </method>
          </methods>
          <lines>
            <line number="8" hits="15" branch="False" />
            <line number="11" hits="24" branch="False" />
            <line number="13" hits="28" branch="False" />
            <line number="15" hits="21" branch="False" />
            <line number="17" hits="11" branch="False" />
          </lines>
        </class>
        <class name="MortgageAPI.Data.AppDbContext" filename="Data\AppDbContext.cs" line-rate="1" branch-rate="1" complexity="6">
          <methods>
            <method name="get_Users" signature="()" line-rate="1" branch-rate="1" complexity="1">
              <lines>
                <line number="10" hits="24" branch="False" />
              </lines>
            </method>
            <method name="get_Loans" signature="()" line-rate="1" branch-rate="1" complexity="1">
              <lines>
                <line number="11" hits="24" branch="False" />
              </lines>
            </method>
            <method name="get_InterestRates" signature="()" line-rate="1" branch-rate="1" complexity="1">
              <lines>
                <line number="12" hits="17" branch="False" />
              </lines>
            </method>
            <method name="get_AmortizationSchedules" signature="()" line-rate="1" branch-rate="1" complexity="1">
              <lines>
                <line number="13" hits="18" branch="False" />
              </lines>
            </method>
            <method name="OnModelCreating" signature="(Microsoft.EntityFrameworkCore.ModelBuilder)" line-rate="1" branch-rate="1" complexity="1">
              <lines>
                <line number="16" hits="1" branch="False" />
                <line number="18" hits="1" branch="False" />
                <line number="19" hits="1" branch="False" />
                <line number="20" hits="1" branch="False" />
                <line number="21" hits="1" branch="False" />
                <line number="22" hits="1" branch="False" />
                <line number="25" hits="1" branch="False" />
                <line number="26" hits="1" branch="False" />
                <line number="27" hits="1" branch="False" />
                <line number="28" hits="1" branch="False" />
                <line number="29" hits="1" branch="False" />
                <line number="30" hits="1" branch="False" />
              </lines>
            </method>
            <method name=".ctor" signature="(Microsoft.EntityFrameworkCore.DbContextOptions`1&lt;MortgageAPI.Data.AppDbContext&gt;)" line-rate="1" branch-rate="1" complexity="1">
              <lines>
                <line number="8" hits="42" branch="False" />
              </lines>
            </method>
          </methods>
          <lines>
            <line number="10" hits="24" branch="False" />
            <line number="11" hits="24" branch="False" />
            <line number="12" hits="17" branch="False" />
            <line number="13" hits="18" branch="False" />
            <line number="16" hits="1" branch="False" />
            <line number="18" hits="1" branch="False" />
            <line number="19" hits="1" branch="False" />
            <line number="20" hits="1" branch="False" />
            <line number="21" hits="1" branch="False" />
            <line number="22" hits="1" branch="False" />
            <line number="25" hits="1" branch="False" />
            <line number="26" hits="1" branch="False" />
            <line number="27" hits="1" branch="False" />
            <line number="28" hits="1" branch="False" />
            <line number="29" hits="1" branch="False" />
            <line number="30" hits="1" branch="False" />
            <line number="8" hits="42" branch="False" />
          </lines>
        </class>
        <class name="MortgageAPI.Controllers.AmortizationController" filename="Controllers\AmortizationScheduleController.cs" line-rate="1" branch-rate="1" complexity="11">
          <methods>
            <method name="GetUserIdFromToken" signature="()" line-rate="1" branch-rate="1" complexity="10">
              <lines>
                <line number="28" hits="4" branch="False" />
                <line number="29" hits="4" branch="True" condition-coverage="100% (6/6)">
                  <conditions>
                    <condition number="18" type="jump" coverage="100%" />
                    <condition number="30" type="jump" coverage="100%" />
                    <condition number="50" type="jump" coverage="100%" />
                  </conditions>
                </line>
                <line number="30" hits="4" branch="False" />
                <line number="32" hits="4" branch="True" condition-coverage="100% (4/4)">
                  <conditions>
                    <condition number="68" type="jump" coverage="100%" />
                    <condition number="86" type="jump" coverage="100%" />
                  </conditions>
                </line>
                <line number="33" hits="1" branch="False" />
                <line number="34" hits="1" branch="False" />
                <line number="37" hits="3" branch="False" />
                <line number="38" hits="3" branch="False" />
              </lines>
            </method>
            <method name=".ctor" signature="(MortgageAPI.Repos.Interfaces.IAmortizationScheduleRepository,AutoMapper.IMapper,Microsoft.Extensions.Logging.ILogger`1&lt;MortgageAPI.Controllers.AmortizationController&gt;)" line-rate="1" branch-rate="1" complexity="1">
              <lines>
                <line number="20" hits="6" branch="False" />
                <line number="21" hits="6" branch="False" />
                <line number="22" hits="6" branch="False" />
                <line number="23" hits="6" branch="False" />
                <line number="24" hits="6" branch="False" />
                <line number="25" hits="6" branch="False" />
              </lines>
            </method>
          </methods>
          <lines>
            <line number="28" hits="4" branch="False" />
            <line number="29" hits="4" branch="True" condition-coverage="100% (6/6)">
              <conditions>
                <condition number="18" type="jump" coverage="100%" />
                <condition number="30" type="jump" coverage="100%" />
                <condition number="50" type="jump" coverage="100%" />
              </conditions>
            </line>
            <line number="30" hits="4" branch="False" />
            <line number="32" hits="4" branch="True" condition-coverage="100% (4/4)">
              <conditions>
                <condition number="68" type="jump" coverage="100%" />
                <condition number="86" type="jump" coverage="100%" />
              </conditions>
            </line>
            <line number="33" hits="1" branch="False" />
            <line number="34" hits="1" branch="False" />
            <line number="37" hits="3" branch="False" />
            <line number="38" hits="3" branch="False" />
            <line number="20" hits="6" branch="False" />
            <line number="21" hits="6" branch="False" />
            <line number="22" hits="6" branch="False" />
            <line number="23" hits="6" branch="False" />
            <line number="24" hits="6" branch="False" />
            <line number="25" hits="6" branch="False" />
          </lines>
        </class>
        <class name="MortgageAPI.Controllers.AmortizationController/&lt;CalculateAmortization&gt;d__5" filename="Controllers\AmortizationScheduleController.cs" line-rate="1" branch-rate="1" complexity="6">
          <methods>
            <method name="MoveNext" signature="()" line-rate="1" branch-rate="1" complexity="6">
              <lines>
                <line number="42" hits="2" branch="False" />
                <line number="43" hits="2" branch="False" />
                <line number="44" hits="2" branch="False" />
                <line number="46" hits="2" branch="True" condition-coverage="100% (6/6)">
                  <conditions>
                    <condition number="124" type="jump" coverage="100%" />
                    <condition number="138" type="jump" coverage="100%" />
                    <condition number="166" type="jump" coverage="100%" />
                  </conditions>
                </line>
                <line number="47" hits="1" branch="False" />
                <line number="48" hits="1" branch="False" />
                <line number="49" hits="1" branch="False" />
                <line number="52" hits="1" branch="False" />
                <line number="53" hits="1" branch="False" />
                <line number="55" hits="1" branch="False" />
                <line number="56" hits="2" branch="False" />
              </lines>
            </method>
          </methods>
          <lines>
            <line number="42" hits="2" branch="False" />
            <line number="43" hits="2" branch="False" />
            <line number="44" hits="2" branch="False" />
            <line number="46" hits="2" branch="True" condition-coverage="100% (6/6)">
              <conditions>
                <condition number="124" type="jump" coverage="100%" />
                <condition number="138" type="jump" coverage="100%" />
                <condition number="166" type="jump" coverage="100%" />
              </conditions>
            </line>
            <line number="47" hits="1" branch="False" />
            <line number="48" hits="1" branch="False" />
            <line number="49" hits="1" branch="False" />
            <line number="52" hits="1" branch="False" />
            <line number="53" hits="1" branch="False" />
            <line number="55" hits="1" branch="False" />
            <line number="56" hits="2" branch="False" />
          </lines>
        </class>
        <class name="MortgageAPI.Controllers.AmortizationController/&lt;GetSchedule&gt;d__6" filename="Controllers\AmortizationScheduleController.cs" line-rate="1" branch-rate="1" complexity="2">
          <methods>
            <method name="MoveNext" signature="()" line-rate="1" branch-rate="1" complexity="2">
              <lines>
                <line number="60" hits="3" branch="False" />
                <line number="61" hits="3" branch="False" />
                <line number="62" hits="3" branch="False" />
                <line number="64" hits="3" branch="False" />
                <line number="66" hits="3" branch="True" condition-coverage="100% (2/2)">
                  <conditions>
                    <condition number="251" type="jump" coverage="100%" />
                  </conditions>
                </line>
                <line number="67" hits="1" branch="False" />
                <line number="68" hits="1" branch="False" />
                <line number="69" hits="1" branch="False" />
                <line number="72" hits="2" branch="False" />
                <line number="73" hits="2" branch="False" />
                <line number="74" hits="3" branch="False" />
              </lines>
            </method>
          </methods>
          <lines>
            <line number="60" hits="3" branch="False" />
            <line number="61" hits="3" branch="False" />
            <line number="62" hits="3" branch="False" />
            <line number="64" hits="3" branch="False" />
            <line number="66" hits="3" branch="True" condition-coverage="100% (2/2)">
              <conditions>
                <condition number="251" type="jump" coverage="100%" />
              </conditions>
            </line>
            <line number="67" hits="1" branch="False" />
            <line number="68" hits="1" branch="False" />
            <line number="69" hits="1" branch="False" />
            <line number="72" hits="2" branch="False" />
            <line number="73" hits="2" branch="False" />
            <line number="74" hits="3" branch="False" />
          </lines>
        </class>
        <class name="MortgageAPI.Controllers.AuthController" filename="Controllers\AuthController.cs" line-rate="1" branch-rate="1" complexity="1">
          <methods>
            <method name=".ctor" signature="(MortgageAPI.Repos.Interfaces.IAuthService,MortgageAPI.Repos.Interfaces.IUserRepository,AutoMapper.IMapper,Microsoft.Extensions.Logging.ILogger`1&lt;MortgageAPI.Controllers.AuthController&gt;)" line-rate="1" branch-rate="1" complexity="1">
              <lines>
                <line number="19" hits="7" branch="False" />
                <line number="20" hits="7" branch="False" />
                <line number="21" hits="7" branch="False" />
                <line number="22" hits="7" branch="False" />
                <line number="23" hits="7" branch="False" />
                <line number="24" hits="7" branch="False" />
                <line number="25" hits="7" branch="False" />
              </lines>
            </method>
          </methods>
          <lines>
            <line number="19" hits="7" branch="False" />
            <line number="20" hits="7" branch="False" />
            <line number="21" hits="7" branch="False" />
            <line number="22" hits="7" branch="False" />
            <line number="23" hits="7" branch="False" />
            <line number="24" hits="7" branch="False" />
            <line number="25" hits="7" branch="False" />
          </lines>
        </class>
        <class name="MortgageAPI.Controllers.AuthController/&lt;AddUser&gt;d__6" filename="Controllers\AuthController.cs" line-rate="1" branch-rate="1" complexity="8">
          <methods>
            <method name="MoveNext" signature="()" line-rate="1" branch-rate="1" complexity="8">
              <lines>
                <line number="50" hits="5" branch="False" />
                <line number="51" hits="5" branch="False" />
                <line number="52" hits="5" branch="False" />
                <line number="53" hits="5" branch="True" condition-coverage="100% (2/2)">
                  <conditions>
                    <condition number="225" type="jump" coverage="100%" />
                  </conditions>
                </line>
                <line number="54" hits="1" branch="False" />
                <line number="55" hits="1" branch="False" />
                <line number="56" hits="1" branch="False" />
                <line number="60" hits="4" branch="True" condition-coverage="100% (2/2)">
                  <conditions>
                    <condition number="309" type="jump" coverage="100%" />
                  </conditions>
                </line>
                <line number="61" hits="4" branch="True" condition-coverage="100% (4/4)">
                  <conditions>
                    <condition number="350" type="jump" coverage="100%" />
                    <condition number="375" type="jump" coverage="100%" />
                  </conditions>
                </line>
                <line number="62" hits="1" branch="False" />
                <line number="63" hits="1" branch="False" />
                <line number="64" hits="1" branch="False" />
                <line number="68" hits="3" branch="False" />
                <line number="69" hits="3" branch="False" />
                <line number="70" hits="3" branch="False" />
                <line number="72" hits="3" branch="False" />
                <line number="73" hits="3" branch="False" />
                <line number="74" hits="3" branch="False" />
                <line number="75" hits="3" branch="False" />
                <line number="76" hits="3" branch="False" />
                <line number="77" hits="3" branch="False" />
                <line number="78" hits="5" branch="False" />
              </lines>
            </method>
          </methods>
          <lines>
            <line number="50" hits="5" branch="False" />
            <line number="51" hits="5" branch="False" />
            <line number="52" hits="5" branch="False" />
            <line number="53" hits="5" branch="True" condition-coverage="100% (2/2)">
              <conditions>
                <condition number="225" type="jump" coverage="100%" />
              </conditions>
            </line>
            <line number="54" hits="1" branch="False" />
            <line number="55" hits="1" branch="False" />
            <line number="56" hits="1" branch="False" />
            <line number="60" hits="4" branch="True" condition-coverage="100% (2/2)">
              <conditions>
                <condition number="309" type="jump" coverage="100%" />
              </conditions>
            </line>
            <line number="61" hits="4" branch="True" condition-coverage="100% (4/4)">
              <conditions>
                <condition number="350" type="jump" coverage="100%" />
                <condition number="375" type="jump" coverage="100%" />
              </conditions>
            </line>
            <line number="62" hits="1" branch="False" />
            <line number="63" hits="1" branch="False" />
            <line number="64" hits="1" branch="False" />
            <line number="68" hits="3" branch="False" />
            <line number="69" hits="3" branch="False" />
            <line number="70" hits="3" branch="False" />
            <line number="72" hits="3" branch="False" />
            <line number="73" hits="3" branch="False" />
            <line number="74" hits="3" branch="False" />
            <line number="75" hits="3" branch="False" />
            <line number="76" hits="3" branch="False" />
            <line number="77" hits="3" branch="False" />
            <line number="78" hits="5" branch="False" />
          </lines>
        </class>
        <class name="MortgageAPI.Controllers.AuthController/&lt;Login&gt;d__5" filename="Controllers\AuthController.cs" line-rate="1" branch-rate="1" complexity="2">
          <methods>
            <method name="MoveNext" signature="()" line-rate="1" branch-rate="1" complexity="2">
              <lines>
                <line number="29" hits="2" branch="False" />
                <line number="30" hits="2" branch="False" />
                <line number="31" hits="2" branch="False" />
                <line number="32" hits="2" branch="True" condition-coverage="100% (2/2)">
                  <conditions>
                    <condition number="225" type="jump" coverage="100%" />
                  </conditions>
                </line>
                <line number="33" hits="1" branch="False" />
                <line number="34" hits="1" branch="False" />
                <line number="35" hits="1" branch="False" />
                <line number="37" hits="1" branch="False" />
                <line number="38" hits="1" branch="False" />
                <line number="39" hits="1" branch="False" />
                <line number="40" hits="1" branch="False" />
                <line number="41" hits="1" branch="False" />
                <line number="42" hits="1" branch="False" />
                <line number="43" hits="1" branch="False" />
                <line number="44" hits="2" branch="False" />
              </lines>
            </method>
          </methods>
          <lines>
            <line number="29" hits="2" branch="False" />
            <line number="30" hits="2" branch="False" />
            <line number="31" hits="2" branch="False" />
            <line number="32" hits="2" branch="True" condition-coverage="100% (2/2)">
              <conditions>
                <condition number="225" type="jump" coverage="100%" />
              </conditions>
            </line>
            <line number="33" hits="1" branch="False" />
            <line number="34" hits="1" branch="False" />
            <line number="35" hits="1" branch="False" />
            <line number="37" hits="1" branch="False" />
            <line number="38" hits="1" branch="False" />
            <line number="39" hits="1" branch="False" />
            <line number="40" hits="1" branch="False" />
            <line number="41" hits="1" branch="False" />
            <line number="42" hits="1" branch="False" />
            <line number="43" hits="1" branch="False" />
            <line number="44" hits="2" branch="False" />
          </lines>
        </class>
        <class name="MortgageAPI.Controllers.InterestRateController" filename="Controllers\InterestRateController.cs" line-rate="1" branch-rate="1" complexity="1">
          <methods>
            <method name=".ctor" signature="(MortgageAPI.Repos.Interfaces.IInterestRateRepository,AutoMapper.IMapper,Microsoft.Extensions.Logging.ILogger`1&lt;MortgageAPI.Controllers.InterestRateController&gt;)" line-rate="1" branch-rate="1" complexity="1">
              <lines>
                <line number="16" hits="1" branch="False" />
                <line number="17" hits="1" branch="False" />
                <line number="18" hits="1" branch="False" />
                <line number="19" hits="1" branch="False" />
                <line number="20" hits="1" branch="False" />
                <line number="21" hits="1" branch="False" />
              </lines>
            </method>
          </methods>
          <lines>
            <line number="16" hits="1" branch="False" />
            <line number="17" hits="1" branch="False" />
            <line number="18" hits="1" branch="False" />
            <line number="19" hits="1" branch="False" />
            <line number="20" hits="1" branch="False" />
            <line number="21" hits="1" branch="False" />
          </lines>
        </class>
        <class name="MortgageAPI.Controllers.InterestRateController/&lt;GetInterestRates&gt;d__4" filename="Controllers\InterestRateController.cs" line-rate="1" branch-rate="1" complexity="1">
          <methods>
            <method name="MoveNext" signature="()" line-rate="1" branch-rate="1" complexity="1">
              <lines>
                <line number="25" hits="1" branch="False" />
                <line number="26" hits="1" branch="False" />
                <line number="27" hits="1" branch="False" />
                <line number="28" hits="1" branch="False" />
                <line number="29" hits="1" branch="False" />
                <line number="30" hits="1" branch="False" />
              </lines>
            </method>
          </methods>
          <lines>
            <line number="25" hits="1" branch="False" />
            <line number="26" hits="1" branch="False" />
            <line number="27" hits="1" branch="False" />
            <line number="28" hits="1" branch="False" />
            <line number="29" hits="1" branch="False" />
            <line number="30" hits="1" branch="False" />
          </lines>
        </class>
        <class name="MortgageAPI.Controllers.LoanController" filename="Controllers\LoanController.cs" line-rate="1" branch-rate="0.9" complexity="11">
          <methods>
            <method name="GetUserIdFromToken" signature="()" line-rate="1" branch-rate="0.9" complexity="10">
              <lines>
                <line number="29" hits="8" branch="False" />
                <line number="30" hits="8" branch="True" condition-coverage="83.33% (5/6)">
                  <conditions>
                    <condition number="18" type="jump" coverage="100%" />
                    <condition number="30" type="jump" coverage="100%" />
                    <condition number="50" type="jump" coverage="50%" />
                  </conditions>
                </line>
                <line number="31" hits="8" branch="False" />
                <line number="33" hits="8" branch="True" condition-coverage="100% (4/4)">
                  <conditions>
                    <condition number="68" type="jump" coverage="100%" />
                    <condition number="86" type="jump" coverage="100%" />
                  </conditions>
                </line>
                <line number="34" hits="2" branch="False" />
                <line number="35" hits="2" branch="False" />
                <line number="38" hits="6" branch="False" />
                <line number="39" hits="6" branch="False" />
              </lines>
            </method>
            <method name=".ctor" signature="(MortgageAPI.Repos.Interfaces.ILoanRepository,AutoMapper.IMapper,Microsoft.Extensions.Logging.ILogger`1&lt;MortgageAPI.Controllers.LoanController&gt;)" line-rate="1" branch-rate="1" complexity="1">
              <lines>
                <line number="21" hits="8" branch="False" />
                <line number="22" hits="8" branch="False" />
                <line number="23" hits="8" branch="False" />
                <line number="24" hits="8" branch="False" />
                <line number="25" hits="8" branch="False" />
                <line number="26" hits="8" branch="False" />
              </lines>
            </method>
          </methods>
          <lines>
            <line number="29" hits="8" branch="False" />
            <line number="30" hits="8" branch="True" condition-coverage="83.33% (5/6)">
              <conditions>
                <condition number="18" type="jump" coverage="100%" />
                <condition number="30" type="jump" coverage="100%" />
                <condition number="50" type="jump" coverage="50%" />
              </conditions>
            </line>
            <line number="31" hits="8" branch="False" />
            <line number="33" hits="8" branch="True" condition-coverage="100% (4/4)">
              <conditions>
                <condition number="68" type="jump" coverage="100%" />
                <condition number="86" type="jump" coverage="100%" />
              </conditions>
            </line>
            <line number="34" hits="2" branch="False" />
            <line number="35" hits="2" branch="False" />
            <line number="38" hits="6" branch="False" />
            <line number="39" hits="6" branch="False" />
            <line number="21" hits="8" branch="False" />
            <line number="22" hits="8" branch="False" />
            <line number="23" hits="8" branch="False" />
            <line number="24" hits="8" branch="False" />
            <line number="25" hits="8" branch="False" />
            <line number="26" hits="8" branch="False" />
          </lines>
        </class>
        <class name="MortgageAPI.Controllers.LoanController/&lt;GetAllLoans&gt;d__7" filename="Controllers\LoanController.cs" line-rate="1" branch-rate="1" complexity="4">
          <methods>
            <method name="MoveNext" signature="()" line-rate="1" branch-rate="1" complexity="4">
              <lines>
                <line number="91" hits="3" branch="False" />
                <line number="92" hits="3" branch="False" />
                <line number="93" hits="3" branch="False" />
                <line number="94" hits="3" branch="False" />
                <line number="96" hits="3" branch="True" condition-coverage="100% (4/4)">
                  <conditions>
                    <condition number="219" type="jump" coverage="100%" />
                    <condition number="242" type="jump" coverage="100%" />
                  </conditions>
                </line>
                <line number="97" hits="2" branch="False" />
                <line number="98" hits="2" branch="False" />
                <line number="99" hits="2" branch="False" />
                <line number="102" hits="1" branch="False" />
                <line number="103" hits="1" branch="False" />
                <line number="104" hits="3" branch="False" />
              </lines>
            </method>
          </methods>
          <lines>
            <line number="91" hits="3" branch="False" />
            <line number="92" hits="3" branch="False" />
            <line number="93" hits="3" branch="False" />
            <line number="94" hits="3" branch="False" />
            <line number="96" hits="3" branch="True" condition-coverage="100% (4/4)">
              <conditions>
                <condition number="219" type="jump" coverage="100%" />
                <condition number="242" type="jump" coverage="100%" />
              </conditions>
            </line>
            <line number="97" hits="2" branch="False" />
            <line number="98" hits="2" branch="False" />
            <line number="99" hits="2" branch="False" />
            <line number="102" hits="1" branch="False" />
            <line number="103" hits="1" branch="False" />
            <line number="104" hits="3" branch="False" />
          </lines>
        </class>
        <class name="MortgageAPI.Controllers.LoanController/&lt;GetLoanDetails&gt;d__6" filename="Controllers\LoanController.cs" line-rate="1" branch-rate="1" complexity="2">
          <methods>
            <method name="MoveNext" signature="()" line-rate="1" branch-rate="1" complexity="2">
              <lines>
                <line number="73" hits="2" branch="False" />
                <line number="74" hits="2" branch="False" />
                <line number="75" hits="2" branch="False" />
                <line number="77" hits="2" branch="False" />
                <line number="79" hits="2" branch="True" condition-coverage="100% (2/2)">
                  <conditions>
                    <condition number="246" type="jump" coverage="100%" />
                  </conditions>
                </line>
                <line number="80" hits="1" branch="False" />
                <line number="81" hits="1" branch="False" />
                <line number="82" hits="1" branch="False" />
                <line number="85" hits="1" branch="False" />
                <line number="86" hits="1" branch="False" />
                <line number="87" hits="2" branch="False" />
              </lines>
            </method>
          </methods>
          <lines>
            <line number="73" hits="2" branch="False" />
            <line number="74" hits="2" branch="False" />
            <line number="75" hits="2" branch="False" />
            <line number="77" hits="2" branch="False" />
            <line number="79" hits="2" branch="True" condition-coverage="100% (2/2)">
              <conditions>
                <condition number="246" type="jump" coverage="100%" />
              </conditions>
            </line>
            <line number="80" hits="1" branch="False" />
            <line number="81" hits="1" branch="False" />
            <line number="82" hits="1" branch="False" />
            <line number="85" hits="1" branch="False" />
            <line number="86" hits="1" branch="False" />
            <line number="87" hits="2" branch="False" />
          </lines>
        </class>
        <class name="MortgageAPI.Controllers.LoanController/&lt;SubmitLoan&gt;d__5" filename="Controllers\LoanController.cs" line-rate="1" branch-rate="1" complexity="1">
          <methods>
            <method name="MoveNext" signature="()" line-rate="1" branch-rate="1" complexity="1">
              <lines>
                <line number="44" hits="2" branch="False" />
                <line number="46" hits="2" branch="False" />
                <line number="47" hits="2" branch="False" />
                <line number="48" hits="1" branch="False" />
                <line number="50" hits="1" branch="False" />
                <line number="51" hits="1" branch="False" />
                <line number="52" hits="1" branch="False" />
                <line number="53" hits="1" branch="False" />
                <line number="55" hits="1" branch="False" />
                <line number="56" hits="1" branch="False" />
                <line number="58" hits="1" branch="False" />
                <line number="59" hits="1" branch="False" />
                <line number="60" hits="1" branch="False" />
                <line number="61" hits="1" branch="False" />
                <line number="63" hits="1" branch="False" />
                <line number="64" hits="1" branch="False" />
                <line number="65" hits="1" branch="False" />
                <line number="66" hits="1" branch="False" />
                <line number="68" hits="2" branch="False" />
              </lines>
            </method>
          </methods>
          <lines>
            <line number="44" hits="2" branch="False" />
            <line number="46" hits="2" branch="False" />
            <line number="47" hits="2" branch="False" />
            <line number="48" hits="1" branch="False" />
            <line number="50" hits="1" branch="False" />
            <line number="51" hits="1" branch="False" />
            <line number="52" hits="1" branch="False" />
            <line number="53" hits="1" branch="False" />
            <line number="55" hits="1" branch="False" />
            <line number="56" hits="1" branch="False" />
            <line number="58" hits="1" branch="False" />
            <line number="59" hits="1" branch="False" />
            <line number="60" hits="1" branch="False" />
            <line number="61" hits="1" branch="False" />
            <line number="63" hits="1" branch="False" />
            <line number="64" hits="1" branch="False" />
            <line number="65" hits="1" branch="False" />
            <line number="66" hits="1" branch="False" />
            <line number="68" hits="2" branch="False" />
          </lines>
        </class>
      </classes>
    </package>
  </packages>
</coverage>